2013-10-29 20:38:22,573 - sauce_connect:575 - INFO - / Starting \
2013-10-29 20:38:22,576 - sauce_connect:576 - INFO - Please wait for "You may start your tests" to start your tests.
2013-10-29 20:38:22,584 - sauce_connect:588 - DEBUG - System is 8.0 hours off UTC
2013-10-29 20:38:22,585 - sauce_connect:590 - DEBUG - options: {'user': 'loylizh', 'ports': ['64497'], 'no_ssl_bump_domains': '', 'domains': ['sauce-connect.proxy'], 'debug_ssh': False, 'tunnel_ports': ['80'], 'allow_unclean_exit': False, 'rest_url': 'https://saucelabs.com/rest/v1', 'logfile': 'sauce_connect.log', 'squid_opts': '', 'logfilesize': '31457280', 'boost_mode': True, 'tunnel_identifier': '', 'fast_fail_regexps': '', 'vm_version': '', 'quiet': False, 'latency_log': 150, 'use_ssh_config': False, 'ssh': False, 'se_port': '4445', 'readyfile': None, 'shared_tunnel': False, 'ssh_port': 443, 'direct_domains': '', 'host': '127.0.0.1'}
2013-10-29 20:38:22,588 - sauce_connect:591 - DEBUG - metadata: {'PythonVersion': '2.5.1', 'OwnerHost': '127.0.0.1', 'Release': '3.0-r30', 'OwnerPorts': ['64497'], 'Ports': ['80'], 'Platform': 'Java-1.7.0_45-Java_HotSpot-TM-_64-Bit_Server_VM,_24.45-b08,_Oracle_Corporation-on-Windows_8-6.2-amd64', 'Build': '46', 'ScriptRelease': 46, 'ScriptName': 'sauce_connect'}
2013-10-29 20:38:22,591 - sauce_connect:593 - INFO - Forwarding: ['sauce-connect.proxy']:['80'] -> 127.0.0.1:['64497']
2013-10-29 20:38:22,621 - sauce_connect:385 - INFO - Succesfully connected to local server 127.0.0.1:64497 in 23ms
2013-10-29 20:38:24,477 - sauce_connect:248 - INFO - {"no_ssl_bump_domains":null,"squid_config":null,"use_caching_proxy":true,"metadata":{"PythonVersion":"2.5.1","OwnerHost":"127.0.0.1","Release":"3.0-r30","OwnerPorts":["64497"],"Ports":["80"],"Platform":"Java-1.7.0_45-Java_HotSpot-TM-_64-Bit_Server_VM,_24.45-b08,_Oracle_Corporation-on-Windows_8-6.2-amd64","Build":"46","ScriptRelease":46,"ScriptName":"sauce_connect"},"use_kgp":true,"tunnel_identifier":"","shared_tunnel":false,"fast_fail_regexps":null,"ssh_port":443,"direct_domains":null,"vm_version":"","domain_names":["sauce-connect.proxy"]}
2013-10-29 20:38:28,812 - sauce_connect:260 - INFO - Tunnel remote VM is provisioned (d0342ba26aee41fb93637b8545fd5ed6)
2013-10-29 20:38:29,569 - sauce_connect:278 - INFO - Tunnel remote VM is booting ..
2013-10-29 20:39:07,259 - sauce_connect:282 - INFO - Tunnel remote VM is running at maki10157.miso.saucelabs.com
2013-10-29 20:39:07,292 - sauce_connect:385 - INFO - Succesfully connected to local server 127.0.0.1:64497 in 1ms
2013-10-29 20:39:07,296 - sauce_connect:665 - INFO - Starting connection to tunnel host...
2013-10-29 20:39:07,299 - sauce_connect:665 - INFO - Connecting to tunnel host maki10157.miso.saucelabs.com as loylizh
2013-10-29 20:39:07,576 - sauce_connect:665 - INFO - Forwarding Selenium with ephemeral port 64503
2013-10-29 20:39:07,584 - sauce_connect:665 - INFO - Selenium HTTP proxy listening on port 4445
2013-10-29 20:39:08,907 - sauce_connect:0 - INFO - Successful handshake with Sauce Connect server
2013-10-29 20:39:09,184 - sauce_connect:0 - INFO - Tunnel host version: 0.1.0, remote endpoint ID: b6e39e935f01406c9165c45016e81ea9
2013-10-29 20:39:09,188 - sauce_connect:665 - INFO - Connected! You may start your tests.
2013-10-29 20:42:27,141 - sauce_connect:0 - INFO - disconnected from Sauce Connect server
2013-10-29 20:42:27,142 - sauce_connect:0 - INFO - connection to Sauce Connect server closed
2013-10-29 20:42:27,680 - sauce_connect:0 - INFO - old keepalive timer shutting down
2013-10-29 20:42:29,301 - sauce_connect:0 - INFO - Successful handshake with Sauce Connect server
2013-10-29 20:42:29,303 - sauce_connect:0 - INFO - resending 1 packets
2013-10-29 20:42:29,566 - sauce_connect:0 - INFO - Tunnel host version: 0.1.0, remote endpoint ID: b6e39e935f01406c9165c45016e81ea9
2013-10-29 21:02:43,499 - sauce_connect:0 - INFO - disconnected from Sauce Connect server
2013-10-29 21:02:43,500 - sauce_connect:0 - INFO - connection to Sauce Connect server closed
2013-10-29 21:02:44,000 - sauce_connect:0 - INFO - old keepalive timer shutting down
2013-10-29 21:02:46,733 - sauce_connect:0 - INFO - Successful handshake with Sauce Connect server
2013-10-29 21:02:46,736 - sauce_connect:0 - INFO - resending 1 packets
2013-10-29 21:02:47,019 - sauce_connect:0 - INFO - Tunnel host version: 0.1.0, remote endpoint ID: b6e39e935f01406c9165c45016e81ea9
